
=== Thu Feb 20 17:04:43 2020

Packages were changed.
Update Mode: updateDependencies

The following packages were updated:
  com.unity.burst from version 1.1.2 to 1.2.0
  com.unity.ide.rider from version 1.1.0 to 1.1.4
  com.unity.ide.vscode from version 1.1.2 to 1.1.4
  com.unity.postprocessing from version 2.1.7 to 2.3.0
  com.unity.render-pipelines.lightweight from version 6.9.0 to 7.1.8
  com.unity.test-framework from version 1.0.13 to 1.1.11
The following packages were removed:
  com.unity.package-manager-ui@2.2.0

=== Mon Jun 15 23:02:26 2020

Packages were changed.
Update Mode: updateDependencies

The following packages were updated:
  com.unity.ide.vscode from version 1.1.4 to 1.2.0
  com.unity.render-pipelines.lightweight from version 7.1.8 to 7.3.1
  com.unity.test-framework from version 1.1.11 to 1.1.14

=== Mon Jun 15 23:05:06 2020

Packages were changed.
Update Mode: resetToDefaultDependencies

The following packages were added:
  com.unity.collab-proxy@1.2.16
  com.unity.textmeshpro@2.0.1
  com.unity.timeline@1.2.14
The following packages were removed:
  com.unity.2d.sprite@1.0.0
  com.unity.2d.tilemap@1.0.0
  com.unity.burst@1.2.0
  com.unity.entities@0.1.1-preview
  com.unity.ext.nunit@1.0.0
  com.unity.postprocessing@2.3.0
  com.unity.render-pipelines.lightweight@7.3.1
  com.unity.rendering.hybrid@0.1.1-preview
